Determining if the Q_WS_WIN exist failed with the following output:
Change Dir: /home/castella/Documents/scl-manips-v2.git/tutorial/DomiBot/gripperStandalone/build/CMakeFiles/CMakeTmp

Run Build Command:/usr/bin/make "cmTryCompileExec3506056753/fast"
/usr/bin/make -f CMakeFiles/cmTryCompileExec3506056753.dir/build.make CMakeFiles/cmTryCompileExec3506056753.dir/build
make[1]: Entering directory `/home/castella/Documents/scl-manips-v2.git/tutorial/DomiBot/gripperStandalone/build/CMakeFiles/CMakeTmp'
/usr/bin/cmake -E cmake_progress_report /home/castella/Documents/scl-manips-v2.git/tutorial/DomiBot/gripperStandalone/build/CMakeFiles/CMakeTmp/CMakeFiles 1
Building CXX object CMakeFiles/cmTryCompileExec3506056753.dir/CheckSymbolExists.cxx.o
/usr/bin/c++    -I/usr/include/qt4    -o CMakeFiles/cmTryCompileExec3506056753.dir/CheckSymbolExists.cxx.o -c /home/castella/Documents/scl-manips-v2.git/tutorial/DomiBot/gripperStandalone/build/CMakeFiles/CMakeTmp/CheckSymbolExists.cxx
/home/castella/Documents/scl-manips-v2.git/tutorial/DomiBot/gripperStandalone/build/CMakeFiles/CMakeTmp/CheckSymbolExists.cxx: In function ‘int main(int, char**)’:
/home/castella/Documents/scl-manips-v2.git/tutorial/DomiBot/gripperStandalone/build/CMakeFiles/CMakeTmp/CheckSymbolExists.cxx:8:19: error: ‘Q_WS_WIN’ was not declared in this scope
   return ((int*)(&Q_WS_WIN))[argc];
                   ^
make[1]: Leaving directory `/home/castella/Documents/scl-manips-v2.git/tutorial/DomiBot/gripperStandalone/build/CMakeFiles/CMakeTmp'
make[1]: *** [CMakeFiles/cmTryCompileExec3506056753.dir/CheckSymbolExists.cxx.o] Error 1
make: *** [cmTryCompileExec3506056753/fast] Error 2

File /home/castella/Documents/scl-manips-v2.git/tutorial/DomiBot/gripperStandalone/build/CMakeFiles/CMakeTmp/CheckSymbolExists.cxx:
/* */
#include <QtCore/qglobal.h>

int main(int argc, char** argv)
{
  (void)argv;
#ifndef Q_WS_WIN
  return ((int*)(&Q_WS_WIN))[argc];
#else
  (void)argc;
  return 0;
#endif
}

Determining if the Q_WS_QWS exist failed with the following output:
Change Dir: /home/castella/Documents/scl-manips-v2.git/tutorial/DomiBot/gripperStandalone/build/CMakeFiles/CMakeTmp

Run Build Command:/usr/bin/make "cmTryCompileExec409041500/fast"
/usr/bin/make -f CMakeFiles/cmTryCompileExec409041500.dir/build.make CMakeFiles/cmTryCompileExec409041500.dir/build
make[1]: Entering directory `/home/castella/Documents/scl-manips-v2.git/tutorial/DomiBot/gripperStandalone/build/CMakeFiles/CMakeTmp'
/usr/bin/cmake -E cmake_progress_report /home/castella/Documents/scl-manips-v2.git/tutorial/DomiBot/gripperStandalone/build/CMakeFiles/CMakeTmp/CMakeFiles 1
Building CXX object CMakeFiles/cmTryCompileExec409041500.dir/CheckSymbolExists.cxx.o
/usr/bin/c++    -I/usr/include/qt4    -o CMakeFiles/cmTryCompileExec409041500.dir/CheckSymbolExists.cxx.o -c /home/castella/Documents/scl-manips-v2.git/tutorial/DomiBot/gripperStandalone/build/CMakeFiles/CMakeTmp/CheckSymbolExists.cxx
/home/castella/Documents/scl-manips-v2.git/tutorial/DomiBot/gripperStandalone/build/CMakeFiles/CMakeTmp/CheckSymbolExists.cxx: In function ‘int main(int, char**)’:
/home/castella/Documents/scl-manips-v2.git/tutorial/DomiBot/gripperStandalone/build/CMakeFiles/CMakeTmp/CheckSymbolExists.cxx:8:19: error: ‘Q_WS_QWS’ was not declared in this scope
   return ((int*)(&Q_WS_QWS))[argc];
                   ^
make[1]: Leaving directory `/home/castella/Documents/scl-manips-v2.git/tutorial/DomiBot/gripperStandalone/build/CMakeFiles/CMakeTmp'
make[1]: *** [CMakeFiles/cmTryCompileExec409041500.dir/CheckSymbolExists.cxx.o] Error 1
make: *** [cmTryCompileExec409041500/fast] Error 2

File /home/castella/Documents/scl-manips-v2.git/tutorial/DomiBot/gripperStandalone/build/CMakeFiles/CMakeTmp/CheckSymbolExists.cxx:
/* */
#include <QtCore/qglobal.h>

int main(int argc, char** argv)
{
  (void)argv;
#ifndef Q_WS_QWS
  return ((int*)(&Q_WS_QWS))[argc];
#else
  (void)argc;
  return 0;
#endif
}

Determining if the Q_WS_MAC exist failed with the following output:
Change Dir: /home/castella/Documents/scl-manips-v2.git/tutorial/DomiBot/gripperStandalone/build/CMakeFiles/CMakeTmp

Run Build Command:/usr/bin/make "cmTryCompileExec1447086422/fast"
/usr/bin/make -f CMakeFiles/cmTryCompileExec1447086422.dir/build.make CMakeFiles/cmTryCompileExec1447086422.dir/build
make[1]: Entering directory `/home/castella/Documents/scl-manips-v2.git/tutorial/DomiBot/gripperStandalone/build/CMakeFiles/CMakeTmp'
/usr/bin/cmake -E cmake_progress_report /home/castella/Documents/scl-manips-v2.git/tutorial/DomiBot/gripperStandalone/build/CMakeFiles/CMakeTmp/CMakeFiles 1
Building CXX object CMakeFiles/cmTryCompileExec1447086422.dir/CheckSymbolExists.cxx.o
/usr/bin/c++    -I/usr/include/qt4    -o CMakeFiles/cmTryCompileExec1447086422.dir/CheckSymbolExists.cxx.o -c /home/castella/Documents/scl-manips-v2.git/tutorial/DomiBot/gripperStandalone/build/CMakeFiles/CMakeTmp/CheckSymbolExists.cxx
/home/castella/Documents/scl-manips-v2.git/tutorial/DomiBot/gripperStandalone/build/CMakeFiles/CMakeTmp/CheckSymbolExists.cxx: In function ‘int main(int, char**)’:
/home/castella/Documents/scl-manips-v2.git/tutorial/DomiBot/gripperStandalone/build/CMakeFiles/CMakeTmp/CheckSymbolExists.cxx:8:19: error: ‘Q_WS_MAC’ was not declared in this scope
   return ((int*)(&Q_WS_MAC))[argc];
                   ^
make[1]: Leaving directory `/home/castella/Documents/scl-manips-v2.git/tutorial/DomiBot/gripperStandalone/build/CMakeFiles/CMakeTmp'
make[1]: *** [CMakeFiles/cmTryCompileExec1447086422.dir/CheckSymbolExists.cxx.o] Error 1
make: *** [cmTryCompileExec1447086422/fast] Error 2

File /home/castella/Documents/scl-manips-v2.git/tutorial/DomiBot/gripperStandalone/build/CMakeFiles/CMakeTmp/CheckSymbolExists.cxx:
/* */
#include <QtCore/qglobal.h>

int main(int argc, char** argv)
{
  (void)argv;
#ifndef Q_WS_MAC
  return ((int*)(&Q_WS_MAC))[argc];
#else
  (void)argc;
  return 0;
#endif
}

