Determining if the Q_WS_WIN exist failed with the following output:
Change Dir: /home/robsun/Documents/Untitled Folder/SchunkGripper/build/CMakeFiles/CMakeTmp

Run Build Command:"/usr/bin/make" "cmTC_f8714/fast"
/usr/bin/make -f CMakeFiles/cmTC_f8714.dir/build.make CMakeFiles/cmTC_f8714.dir/build
make[1]: Entering directory `/home/robsun/Documents/Untitled Folder/SchunkGripper/build/CMakeFiles/CMakeTmp'
Building CXX object CMakeFiles/cmTC_f8714.dir/CheckSymbolExists.cxx.o
/usr/bin/c++    -I/usr/include/qt4    -o CMakeFiles/cmTC_f8714.dir/CheckSymbolExists.cxx.o -c "/home/robsun/Documents/Untitled Folder/SchunkGripper/build/CMakeFiles/CMakeTmp/CheckSymbolExists.cxx"
/home/robsun/Documents/Untitled Folder/SchunkGripper/build/CMakeFiles/CMakeTmp/CheckSymbolExists.cxx: In function ‘int main(int, char**)’:
/home/robsun/Documents/Untitled Folder/SchunkGripper/build/CMakeFiles/CMakeTmp/CheckSymbolExists.cxx:8:19: error: ‘Q_WS_WIN’ was not declared in this scope
   return ((int*)(&Q_WS_WIN))[argc];
                   ^
make[1]: *** [CMakeFiles/cmTC_f8714.dir/CheckSymbolExists.cxx.o] Error 1
make[1]: Leaving directory `/home/robsun/Documents/Untitled Folder/SchunkGripper/build/CMakeFiles/CMakeTmp'
make: *** [cmTC_f8714/fast] Error 2

File /home/robsun/Documents/Untitled Folder/SchunkGripper/build/CMakeFiles/CMakeTmp/CheckSymbolExists.cxx:
/* */
#include <QtCore/qglobal.h>

int main(int argc, char** argv)
{
  (void)argv;
#ifndef Q_WS_WIN
  return ((int*)(&Q_WS_WIN))[argc];
#else
  (void)argc;
  return 0;
#endif
}

Determining if the Q_WS_QWS exist failed with the following output:
Change Dir: /home/robsun/Documents/Untitled Folder/SchunkGripper/build/CMakeFiles/CMakeTmp

Run Build Command:"/usr/bin/make" "cmTC_93a18/fast"
/usr/bin/make -f CMakeFiles/cmTC_93a18.dir/build.make CMakeFiles/cmTC_93a18.dir/build
make[1]: Entering directory `/home/robsun/Documents/Untitled Folder/SchunkGripper/build/CMakeFiles/CMakeTmp'
Building CXX object CMakeFiles/cmTC_93a18.dir/CheckSymbolExists.cxx.o
/usr/bin/c++    -I/usr/include/qt4    -o CMakeFiles/cmTC_93a18.dir/CheckSymbolExists.cxx.o -c "/home/robsun/Documents/Untitled Folder/SchunkGripper/build/CMakeFiles/CMakeTmp/CheckSymbolExists.cxx"
/home/robsun/Documents/Untitled Folder/SchunkGripper/build/CMakeFiles/CMakeTmp/CheckSymbolExists.cxx: In function ‘int main(int, char**)’:
/home/robsun/Documents/Untitled Folder/SchunkGripper/build/CMakeFiles/CMakeTmp/CheckSymbolExists.cxx:8:19: error: ‘Q_WS_QWS’ was not declared in this scope
   return ((int*)(&Q_WS_QWS))[argc];
                   ^
make[1]: *** [CMakeFiles/cmTC_93a18.dir/CheckSymbolExists.cxx.o] Error 1
make[1]: Leaving directory `/home/robsun/Documents/Untitled Folder/SchunkGripper/build/CMakeFiles/CMakeTmp'
make: *** [cmTC_93a18/fast] Error 2

File /home/robsun/Documents/Untitled Folder/SchunkGripper/build/CMakeFiles/CMakeTmp/CheckSymbolExists.cxx:
/* */
#include <QtCore/qglobal.h>

int main(int argc, char** argv)
{
  (void)argv;
#ifndef Q_WS_QWS
  return ((int*)(&Q_WS_QWS))[argc];
#else
  (void)argc;
  return 0;
#endif
}

Determining if the Q_WS_MAC exist failed with the following output:
Change Dir: /home/robsun/Documents/Untitled Folder/SchunkGripper/build/CMakeFiles/CMakeTmp

Run Build Command:"/usr/bin/make" "cmTC_3902e/fast"
/usr/bin/make -f CMakeFiles/cmTC_3902e.dir/build.make CMakeFiles/cmTC_3902e.dir/build
make[1]: Entering directory `/home/robsun/Documents/Untitled Folder/SchunkGripper/build/CMakeFiles/CMakeTmp'
Building CXX object CMakeFiles/cmTC_3902e.dir/CheckSymbolExists.cxx.o
/usr/bin/c++    -I/usr/include/qt4    -o CMakeFiles/cmTC_3902e.dir/CheckSymbolExists.cxx.o -c "/home/robsun/Documents/Untitled Folder/SchunkGripper/build/CMakeFiles/CMakeTmp/CheckSymbolExists.cxx"
/home/robsun/Documents/Untitled Folder/SchunkGripper/build/CMakeFiles/CMakeTmp/CheckSymbolExists.cxx: In function ‘int main(int, char**)’:
/home/robsun/Documents/Untitled Folder/SchunkGripper/build/CMakeFiles/CMakeTmp/CheckSymbolExists.cxx:8:19: error: ‘Q_WS_MAC’ was not declared in this scope
   return ((int*)(&Q_WS_MAC))[argc];
                   ^
make[1]: *** [CMakeFiles/cmTC_3902e.dir/CheckSymbolExists.cxx.o] Error 1
make[1]: Leaving directory `/home/robsun/Documents/Untitled Folder/SchunkGripper/build/CMakeFiles/CMakeTmp'
make: *** [cmTC_3902e/fast] Error 2

File /home/robsun/Documents/Untitled Folder/SchunkGripper/build/CMakeFiles/CMakeTmp/CheckSymbolExists.cxx:
/* */
#include <QtCore/qglobal.h>

int main(int argc, char** argv)
{
  (void)argv;
#ifndef Q_WS_MAC
  return ((int*)(&Q_WS_MAC))[argc];
#else
  (void)argc;
  return 0;
#endif
}

